data_processor:DEBUG 2021-12-21 08:50:01,132 -  Starting Class
data_processor:DEBUG 2021-12-21 08:50:01,147 -  Current combine.head()
   Id  MSSubClass MSZoning  LotFrontage  LotArea Street Alley LotShape LandContour Utilities LotConfig LandSlope Neighborhood Condition1 Condition2 BldgType HouseStyle  OverallQual  OverallCond  YearBuilt  YearRemodAdd RoofStyle RoofMatl Exterior1st Exterior2nd MasVnrType  MasVnrArea ExterQual ExterCond Foundation BsmtQual BsmtCond BsmtExposure BsmtFinType1  BsmtFinSF1 BsmtFinType2  BsmtFinSF2  BsmtUnfSF  TotalBsmtSF Heating HeatingQC CentralAir Electrical  1stFlrSF  2ndFlrSF  LowQualFinSF  GrLivArea  BsmtFullBath  BsmtHalfBath  FullBath  HalfBath  BedroomAbvGr  KitchenAbvGr KitchenQual  TotRmsAbvGrd Functional  Fireplaces FireplaceQu GarageType  GarageYrBlt GarageFinish  GarageCars  GarageArea GarageQual GarageCond PavedDrive  WoodDeckSF  OpenPorchSF  EnclosedPorch  3SsnPorch  ScreenPorch  PoolArea PoolQC Fence MiscFeature  MiscVal  MoSold  YrSold SaleType SaleCondition
0   1          60       RL        65.00     8450   Pave   NaN      Reg         Lvl    AllPub    Inside       Gtl      CollgCr       Norm       Norm     1Fam     2Story            7            5       2003          2003     Gable  CompShg     VinylSd     VinylSd    BrkFace      196.00        Gd        TA      PConc       Gd       TA           No          GLQ      706.00          Unf        0.00     150.00       856.00    GasA        Ex          Y      SBrkr       856       854             0       1710          1.00          0.00         2         1             3             1          Gd             8        Typ           0         NaN     Attchd     2,003.00          RFn        2.00      548.00         TA         TA          Y           0           61              0          0            0         0    NaN   NaN         NaN        0       2    2008       WD        Normal
1   2          20       RL        80.00     9600   Pave   NaN      Reg         Lvl    AllPub       FR2       Gtl      Veenker      Feedr       Norm     1Fam     1Story            6            8       1976          1976     Gable  CompShg     MetalSd     MetalSd       None        0.00        TA        TA     CBlock       Gd       TA           Gd          ALQ      978.00          Unf        0.00     284.00     1,262.00    GasA        Ex          Y      SBrkr      1262         0             0       1262          0.00          1.00         2         0             3             1          TA             6        Typ           1          TA     Attchd     1,976.00          RFn        2.00      460.00         TA         TA          Y         298            0              0          0            0         0    NaN   NaN         NaN        0       5    2007       WD        Normal
2   3          60       RL        68.00    11250   Pave   NaN      IR1         Lvl    AllPub    Inside       Gtl      CollgCr       Norm       Norm     1Fam     2Story            7            5       2001          2002     Gable  CompShg     VinylSd     VinylSd    BrkFace      162.00        Gd        TA      PConc       Gd       TA           Mn          GLQ      486.00          Unf        0.00     434.00       920.00    GasA        Ex          Y      SBrkr       920       866             0       1786          1.00          0.00         2         1             3             1          Gd             6        Typ           1          TA     Attchd     2,001.00          RFn        2.00      608.00         TA         TA          Y           0           42              0          0            0         0    NaN   NaN         NaN        0       9    2008       WD        Normal
3   4          70       RL        60.00     9550   Pave   NaN      IR1         Lvl    AllPub    Corner       Gtl      Crawfor       Norm       Norm     1Fam     2Story            7            5       1915          1970     Gable  CompShg     Wd Sdng     Wd Shng       None        0.00        TA        TA     BrkTil       TA       Gd           No          ALQ      216.00          Unf        0.00     540.00       756.00    GasA        Gd          Y      SBrkr       961       756             0       1717          1.00          0.00         1         0             3             1          Gd             7        Typ           1          Gd     Detchd     1,998.00          Unf        3.00      642.00         TA         TA          Y           0           35            272          0            0         0    NaN   NaN         NaN        0       2    2006       WD       Abnorml
4   5          60       RL        84.00    14260   Pave   NaN      IR1         Lvl    AllPub       FR2       Gtl      NoRidge       Norm       Norm     1Fam     2Story            8            5       2000          2000     Gable  CompShg     VinylSd     VinylSd    BrkFace      350.00        Gd        TA      PConc       Gd       TA           Av          GLQ      655.00          Unf        0.00     490.00     1,145.00    GasA        Ex          Y      SBrkr      1145      1053             0       2198          1.00          0.00         2         1             4             1          Gd             9        Typ           1          TA     Attchd     2,000.00          RFn        3.00      836.00         TA         TA          Y         192           84              0          0            0         0    NaN   NaN         NaN        0      12    2008       WD        Normal
data_processor:DEBUG 2021-12-21 08:50:01,164 -  Current combine.info()
<class 'pandas.core.frame.DataFrame'>
Int64Index: 2919 entries, 0 to 1458
Data columns (total 80 columns):
 #   Column         Non-Null Count  Dtype  
---  ------         --------------  -----  
 0   Id             2919 non-null   int64  
 1   MSSubClass     2919 non-null   int64  
 2   MSZoning       2915 non-null   object 
 3   LotFrontage    2433 non-null   float64
 4   LotArea        2919 non-null   int64  
 5   Street         2919 non-null   object 
 6   Alley          198 non-null    object 
 7   LotShape       2919 non-null   object 
 8   LandContour    2919 non-null   object 
 9   Utilities      2917 non-null   object 
 10  LotConfig      2919 non-null   object 
 11  LandSlope      2919 non-null   object 
 12  Neighborhood   2919 non-null   object 
 13  Condition1     2919 non-null   object 
 14  Condition2     2919 non-null   object 
 15  BldgType       2919 non-null   object 
 16  HouseStyle     2919 non-null   object 
 17  OverallQual    2919 non-null   int64  
 18  OverallCond    2919 non-null   int64  
 19  YearBuilt      2919 non-null   int64  
 20  YearRemodAdd   2919 non-null   int64  
 21  RoofStyle      2919 non-null   object 
 22  RoofMatl       2919 non-null   object 
 23  Exterior1st    2918 non-null   object 
 24  Exterior2nd    2918 non-null   object 
 25  MasVnrType     2895 non-null   object 
 26  MasVnrArea     2896 non-null   float64
 27  ExterQual      2919 non-null   object 
 28  ExterCond      2919 non-null   object 
 29  Foundation     2919 non-null   object 
 30  BsmtQual       2838 non-null   object 
 31  BsmtCond       2837 non-null   object 
 32  BsmtExposure   2837 non-null   object 
 33  BsmtFinType1   2840 non-null   object 
 34  BsmtFinSF1     2918 non-null   float64
 35  BsmtFinType2   2839 non-null   object 
 36  BsmtFinSF2     2918 non-null   float64
 37  BsmtUnfSF      2918 non-null   float64
 38  TotalBsmtSF    2918 non-null   float64
 39  Heating        2919 non-null   object 
 40  HeatingQC      2919 non-null   object 
 41  CentralAir     2919 non-null   object 
 42  Electrical     2918 non-null   object 
 43  1stFlrSF       2919 non-null   int64  
 44  2ndFlrSF       2919 non-null   int64  
 45  LowQualFinSF   2919 non-null   int64  
 46  GrLivArea      2919 non-null   int64  
 47  BsmtFullBath   2917 non-null   float64
 48  BsmtHalfBath   2917 non-null   float64
 49  FullBath       2919 non-null   int64  
 50  HalfBath       2919 non-null   int64  
 51  BedroomAbvGr   2919 non-null   int64  
 52  KitchenAbvGr   2919 non-null   int64  
 53  KitchenQual    2918 non-null   object 
 54  TotRmsAbvGrd   2919 non-null   int64  
 55  Functional     2917 non-null   object 
 56  Fireplaces     2919 non-null   int64  
 57  FireplaceQu    1499 non-null   object 
 58  GarageType     2762 non-null   object 
 59  GarageYrBlt    2760 non-null   float64
 60  GarageFinish   2760 non-null   object 
 61  GarageCars     2918 non-null   float64
 62  GarageArea     2918 non-null   float64
 63  GarageQual     2760 non-null   object 
 64  GarageCond     2760 non-null   object 
 65  PavedDrive     2919 non-null   object 
 66  WoodDeckSF     2919 non-null   int64  
 67  OpenPorchSF    2919 non-null   int64  
 68  EnclosedPorch  2919 non-null   int64  
 69  3SsnPorch      2919 non-null   int64  
 70  ScreenPorch    2919 non-null   int64  
 71  PoolArea       2919 non-null   int64  
 72  PoolQC         10 non-null     object 
 73  Fence          571 non-null    object 
 74  MiscFeature    105 non-null    object 
 75  MiscVal        2919 non-null   int64  
 76  MoSold         2919 non-null   int64  
 77  YrSold         2919 non-null   int64  
 78  SaleType       2918 non-null   object 
 79  SaleCondition  2919 non-null   object 
dtypes: float64(11), int64(26), object(43)
memory usage: 1.8+ MB

data_processor:DEBUG 2021-12-21 08:50:01,272 -  Current combine.describe()
             Id  MSSubClass MSZoning  LotFrontage    LotArea Street Alley LotShape LandContour Utilities LotConfig LandSlope Neighborhood Condition1 Condition2 BldgType HouseStyle  OverallQual  OverallCond  YearBuilt  YearRemodAdd RoofStyle RoofMatl Exterior1st Exterior2nd MasVnrType  MasVnrArea ExterQual ExterCond Foundation BsmtQual BsmtCond BsmtExposure BsmtFinType1  BsmtFinSF1 BsmtFinType2  BsmtFinSF2  BsmtUnfSF  TotalBsmtSF Heating HeatingQC CentralAir Electrical  1stFlrSF  2ndFlrSF  LowQualFinSF  GrLivArea  BsmtFullBath  BsmtHalfBath  FullBath  HalfBath  BedroomAbvGr  KitchenAbvGr KitchenQual  TotRmsAbvGrd Functional  Fireplaces FireplaceQu GarageType  GarageYrBlt GarageFinish  GarageCars  GarageArea GarageQual GarageCond PavedDrive  WoodDeckSF  OpenPorchSF  EnclosedPorch  3SsnPorch  ScreenPorch  PoolArea PoolQC  Fence MiscFeature   MiscVal   MoSold   YrSold SaleType SaleCondition
count  2,919.00    2,919.00     2915     2,433.00   2,919.00   2919   198     2919        2919      2917      2919      2919         2919       2919       2919     2919       2919     2,919.00     2,919.00   2,919.00      2,919.00      2919     2919        2918        2918       2895    2,896.00      2919      2919       2919     2838     2837         2837         2840    2,918.00         2839    2,918.00   2,918.00     2,918.00    2919      2919       2919       2918  2,919.00  2,919.00      2,919.00   2,919.00      2,917.00      2,917.00  2,919.00  2,919.00      2,919.00      2,919.00        2918      2,919.00       2917    2,919.00        1499       2762     2,760.00         2760    2,918.00    2,918.00       2760       2760       2919    2,919.00     2,919.00       2,919.00   2,919.00     2,919.00  2,919.00     10    571         105  2,919.00 2,919.00 2,919.00     2918          2919
unique      NaN         NaN        5          NaN        NaN      2     2        4           4         2         5         3           25          9          8        5          8          NaN          NaN        NaN           NaN         6        8          15          16          4         NaN         4         5          6        4        4            4            6         NaN            6         NaN        NaN          NaN       6         5          2          5       NaN       NaN           NaN        NaN           NaN           NaN       NaN       NaN           NaN           NaN           4           NaN          7         NaN           5          6          NaN            3         NaN         NaN          5          5          3         NaN          NaN            NaN        NaN          NaN       NaN      3      4           4       NaN      NaN      NaN        9             6
top         NaN         NaN       RL          NaN        NaN   Pave  Grvl      Reg         Lvl    AllPub    Inside       Gtl        NAmes       Norm       Norm     1Fam     1Story          NaN          NaN        NaN           NaN     Gable  CompShg     VinylSd     VinylSd       None         NaN        TA        TA      PConc       TA       TA           No          Unf         NaN          Unf         NaN        NaN          NaN    GasA        Ex          Y      SBrkr       NaN       NaN           NaN        NaN           NaN           NaN       NaN       NaN           NaN           NaN          TA           NaN        Typ         NaN          Gd     Attchd          NaN          Unf         NaN         NaN         TA         TA          Y         NaN          NaN            NaN        NaN          NaN       NaN     Ex  MnPrv        Shed       NaN      NaN      NaN       WD        Normal
freq        NaN         NaN     2265          NaN        NaN   2907   120     1859        2622      2916      2133      2778          443       2511       2889     2425       1471          NaN          NaN        NaN           NaN      2310     2876        1025        1014       1742         NaN      1798      2538       1308     1283     2606         1904          851         NaN         2493         NaN        NaN          NaN    2874      1493       2723       2671       NaN       NaN           NaN        NaN           NaN           NaN       NaN       NaN           NaN           NaN        1492           NaN       2717         NaN         744       1723          NaN         1230         NaN         NaN       2604       2654       2641         NaN          NaN            NaN        NaN          NaN       NaN      4    329          95       NaN      NaN      NaN     2525          2402
mean   1,460.00       57.14      NaN        69.31  10,168.11    NaN   NaN      NaN         NaN       NaN       NaN       NaN          NaN        NaN        NaN      NaN        NaN         6.09         5.56   1,971.31      1,984.26       NaN      NaN         NaN         NaN        NaN      102.20       NaN       NaN        NaN      NaN      NaN          NaN          NaN      441.42          NaN       49.58     560.77     1,051.78     NaN       NaN        NaN        NaN  1,159.58    336.48          4.69   1,500.76          0.43          0.06      1.57      0.38          2.86          1.04         NaN          6.45        NaN        0.60         NaN        NaN     1,978.11          NaN        1.77      472.87        NaN        NaN        NaN       93.71        47.49          23.10       2.60        16.06      2.25    NaN    NaN         NaN     50.83     6.21 2,007.79      NaN           NaN
std      842.79       42.52      NaN        23.34   7,887.00    NaN   NaN      NaN         NaN       NaN       NaN       NaN          NaN        NaN        NaN      NaN        NaN         1.41         1.11      30.29         20.89       NaN      NaN         NaN         NaN        NaN      179.33       NaN       NaN        NaN      NaN      NaN          NaN          NaN      455.61          NaN      169.21     439.54       440.77     NaN       NaN        NaN        NaN    392.36    428.70         46.40     506.05          0.52          0.25      0.55      0.50          0.82          0.21         NaN          1.57        NaN        0.65         NaN        NaN        25.57          NaN        0.76      215.39        NaN        NaN        NaN      126.53        67.58          64.24      25.19        56.18     35.66    NaN    NaN         NaN    567.40     2.71     1.31      NaN           NaN
min        1.00       20.00      NaN        21.00   1,300.00    NaN   NaN      NaN         NaN       NaN       NaN       NaN          NaN        NaN        NaN      NaN        NaN         1.00         1.00   1,872.00      1,950.00       NaN      NaN         NaN         NaN        NaN        0.00       NaN       NaN        NaN      NaN      NaN          NaN          NaN        0.00          NaN        0.00       0.00         0.00     NaN       NaN        NaN        NaN    334.00      0.00          0.00     334.00          0.00          0.00      0.00      0.00          0.00          0.00         NaN          2.00        NaN        0.00         NaN        NaN     1,895.00          NaN        0.00        0.00        NaN        NaN        NaN        0.00         0.00           0.00       0.00         0.00      0.00    NaN    NaN         NaN      0.00     1.00 2,006.00      NaN           NaN
25%      730.50       20.00      NaN        59.00   7,478.00    NaN   NaN      NaN         NaN       NaN       NaN       NaN          NaN        NaN        NaN      NaN        NaN         5.00         5.00   1,953.50      1,965.00       NaN      NaN         NaN         NaN        NaN        0.00       NaN       NaN        NaN      NaN      NaN          NaN          NaN        0.00          NaN        0.00     220.00       793.00     NaN       NaN        NaN        NaN    876.00      0.00          0.00   1,126.00          0.00          0.00      1.00      0.00          2.00          1.00         NaN          5.00        NaN        0.00         NaN        NaN     1,960.00          NaN        1.00      320.00        NaN        NaN        NaN        0.00         0.00           0.00       0.00         0.00      0.00    NaN    NaN         NaN      0.00     4.00 2,007.00      NaN           NaN
50%    1,460.00       50.00      NaN        68.00   9,453.00    NaN   NaN      NaN         NaN       NaN       NaN       NaN          NaN        NaN        NaN      NaN        NaN         6.00         5.00   1,973.00      1,993.00       NaN      NaN         NaN         NaN        NaN        0.00       NaN       NaN        NaN      NaN      NaN          NaN          NaN      368.50          NaN        0.00     467.00       989.50     NaN       NaN        NaN        NaN  1,082.00      0.00          0.00   1,444.00          0.00          0.00      2.00      0.00          3.00          1.00         NaN          6.00        NaN        1.00         NaN        NaN     1,979.00          NaN        2.00      480.00        NaN        NaN        NaN        0.00        26.00           0.00       0.00         0.00      0.00    NaN    NaN         NaN      0.00     6.00 2,008.00      NaN           NaN
75%    2,189.50       70.00      NaN        80.00  11,570.00    NaN   NaN      NaN         NaN       NaN       NaN       NaN          NaN        NaN        NaN      NaN        NaN         7.00         6.00   2,001.00      2,004.00       NaN      NaN         NaN         NaN        NaN      164.00       NaN       NaN        NaN      NaN      NaN          NaN          NaN      733.00          NaN        0.00     805.50     1,302.00     NaN       NaN        NaN        NaN  1,387.50    704.00          0.00   1,743.50          1.00          0.00      2.00      1.00          3.00          1.00         NaN          7.00        NaN        1.00         NaN        NaN     2,002.00          NaN        2.00      576.00        NaN        NaN        NaN      168.00        70.00           0.00       0.00         0.00      0.00    NaN    NaN         NaN      0.00     8.00 2,009.00      NaN           NaN
max    2,919.00      190.00      NaN       313.00 215,245.00    NaN   NaN      NaN         NaN       NaN       NaN       NaN          NaN        NaN        NaN      NaN        NaN        10.00         9.00   2,010.00      2,010.00       NaN      NaN         NaN         NaN        NaN    1,600.00       NaN       NaN        NaN      NaN      NaN          NaN          NaN    5,644.00          NaN    1,526.00   2,336.00     6,110.00     NaN       NaN        NaN        NaN  5,095.00  2,065.00      1,064.00   5,642.00          3.00          2.00      4.00      2.00          8.00          3.00         NaN         15.00        NaN        4.00         NaN        NaN     2,207.00          NaN        5.00    1,488.00        NaN        NaN        NaN    1,424.00       742.00       1,012.00     508.00       576.00    800.00    NaN    NaN         NaN 17,000.00    12.00 2,010.00      NaN           NaN
data_processor:DEBUG 2021-12-21 08:50:01,273 -  Street's values:
Value counts:
Pave    1454
Grvl       6
Name: Street, dtype: int64
Total Nulls: 0
data_processor:DEBUG 2021-12-21 08:50:01,273 -  99.6% of the values of the column Street is Pave, so the column isn't going to be used
data_processor:DEBUG 2021-12-21 08:50:01,273 -  Dropping feature Street from dataframe
data_processor:DEBUG 2021-12-21 08:50:01,278 -  Alley's values:
Value counts:
Grvl    50
Pave    41
Name: Alley, dtype: int64
Total Nulls: 1369
data_processor:DEBUG 2021-12-21 08:50:01,279 -  94% of the values of the column Alley are NaN, so the column isn't going to be used
data_processor:DEBUG 2021-12-21 08:50:01,279 -  Dropping feature Alley from dataframe
data_processor:DEBUG 2021-12-21 08:50:01,281 -  LotShape's values:
Value counts:
Reg    925
IR1    484
IR2     41
IR3     10
Name: LotShape, dtype: int64
Total Nulls: 0
data_processor:DEBUG 2021-12-21 08:50:01,281 -  Only 3% of the values fall under IR2 or IR3. Maybe only Reg and IR1 will be considered
data_processor:DEBUG 2021-12-21 08:50:01,282 -  LandContour's values:
Value counts:
Lvl    1311
Bnk      63
HLS      50
Low      36
Name: LandContour, dtype: int64
Total Nulls: 0
data_processor:DEBUG 2021-12-21 08:50:01,282 -  90% of the values fall under Lvl. The column will be dropped
data_processor:DEBUG 2021-12-21 08:50:01,282 -  Dropping feature LandContour from dataframe
data_processor:DEBUG 2021-12-21 08:50:01,285 -  Utilities's values:
Value counts:
AllPub    1459
NoSeWa       1
Name: Utilities, dtype: int64
Total Nulls: 0
data_processor:DEBUG 2021-12-21 08:50:01,285 -  Only one value was marked as NoSeWa. It's the element if Id 945. The row 944 may be discarded for being a relevant outlier as well as the column Utilities
data_processor:DEBUG 2021-12-21 08:50:01,285 -  Dropping feature Utilities from dataframe
data_processor:DEBUG 2021-12-21 08:50:01,288 -  LotConfig's values:
Value counts:
Inside     1052
Corner      263
CulDSac      94
FR2          47
FR3           4
Name: LotConfig, dtype: int64
Total Nulls: 0
data_processor:DEBUG 2021-12-21 08:50:01,289 -  LandSlope's values:
Value counts:
Gtl    1382
Mod      65
Sev      13
Name: LandSlope, dtype: int64
Total Nulls: 0
data_processor:DEBUG 2021-12-21 08:50:01,289 -  95% of the rows fall under the Gtl value. The column will be discarded
data_processor:DEBUG 2021-12-21 08:50:01,289 -  Dropping feature LandSlope from dataframe
data_processor:DEBUG 2021-12-21 08:50:01,292 -  Neighborhood's values:
Value counts:
NAmes      225
CollgCr    150
OldTown    113
Edwards    100
Somerst     86
Gilbert     79
NridgHt     77
Sawyer      74
NWAmes      73
SawyerW     59
BrkSide     58
Crawfor     51
Mitchel     49
NoRidge     41
Timber      38
IDOTRR      37
ClearCr     28
StoneBr     25
SWISU       25
MeadowV     17
Blmngtn     17
BrDale      16
Veenker     11
NPkVill      9
Blueste      2
Name: Neighborhood, dtype: int64
Total Nulls: 0
data_processor:DEBUG 2021-12-21 08:50:01,292 -  Too many possible values for Neighborhood. The feature can be remade into smaller categories
data_processor:DEBUG 2021-12-21 08:50:01,293 -  Condition1's values:
Value counts:
Norm      1260
Feedr       81
Artery      48
RRAn        26
PosN        19
RRAe        11
PosA         8
RRNn         5
RRNe         2
Name: Condition1, dtype: int64
Total Nulls: 0
data_processor:DEBUG 2021-12-21 08:50:01,294 -  Condition2's values:
Value counts:
Norm      1445
Feedr        6
Artery       2
RRNn         2
PosN         2
PosA         1
RRAn         1
RRAe         1
Name: Condition2, dtype: int64
Total Nulls: 0
data_processor:DEBUG 2021-12-21 08:50:01,294 -  Condition1 values will be grouped into Norm/Anorm and Condition2 Feature will be discarded (99% of the values fall under 1 category)
data_processor:DEBUG 2021-12-21 08:50:01,294 -  Dropping feature Condition2 from dataframe
data_processor:DEBUG 2021-12-21 08:50:01,296 -  HouseStyle's values:
Value counts:
1Story    726
2Story    445
1.5Fin    154
SLvl       65
SFoyer     37
1.5Unf     14
2.5Unf     11
2.5Fin      8
Name: HouseStyle, dtype: int64
Total Nulls: 0
data_processor:DEBUG 2021-12-21 08:50:01,301 -  Checking linear correlation between YearBuilt and YearRemodAdd:
Correlation: 0.5928549763436503
data_processor:DEBUG 2021-12-21 08:50:01,301 -  Checking linear correlation between YearBuilt and SalePrice:
Correlation: 0.5228973328794967
data_processor:DEBUG 2021-12-21 08:50:01,301 -  Checking linear correlation between YearRemodAdd and SalePrice:
Correlation: 0.507100967111386
data_processor:DEBUG 2021-12-21 08:50:01,301 -  Naturally YearBuilt and YearRemodAdd have high correlation. Between both, YearBuilt has a slightly higher correlation with SalesPrice. So for now we'll use it
data_processor:DEBUG 2021-12-21 08:50:01,301 -  Dropping feature YearRemodAdd from dataframe
data_processor:DEBUG 2021-12-21 08:50:01,304 -  RoofMatl's values:
Value counts:
CompShg    1434
Tar&Grv      11
WdShngl       6
WdShake       5
Metal         1
Membran       1
Roll          1
ClyTile       1
Name: RoofMatl, dtype: int64
Total Nulls: 0
data_processor:DEBUG 2021-12-21 08:50:01,304 -  98% of the values fall under CompShg. The column will be discarded
data_processor:DEBUG 2021-12-21 08:50:01,304 -  Dropping feature RoofMatl from dataframe
data_processor:DEBUG 2021-12-21 08:50:01,307 -  Exterior1st's values:
Value counts:
VinylSd    515
HdBoard    222
MetalSd    220
Wd Sdng    206
Plywood    108
CemntBd     61
BrkFace     50
WdShing     26
Stucco      25
AsbShng     20
BrkComm      2
Stone        2
AsphShn      1
ImStucc      1
CBlock       1
Name: Exterior1st, dtype: int64
Total Nulls: 0
data_processor:DEBUG 2021-12-21 08:50:01,307 -  Too many categories. New categories should be created to contain the previous ones
data_processor:DEBUG 2021-12-21 08:50:01,307 -  Exterior2nd's values:
Value counts:
VinylSd    504
MetalSd    214
HdBoard    207
Wd Sdng    197
Plywood    142
CmentBd     60
Wd Shng     38
Stucco      26
BrkFace     25
AsbShng     20
ImStucc     10
Brk Cmn      7
Stone        5
AsphShn      3
Other        1
CBlock       1
Name: Exterior2nd, dtype: int64
Total Nulls: 0
data_processor:DEBUG 2021-12-21 08:50:01,307 -  Too many categories. New categories should be created to contain the previous ones
data_processor:DEBUG 2021-12-21 08:50:01,308 -  MasVnrType's values:
Value counts:
None       864
BrkFace    445
Stone      128
BrkCmn      15
Name: MasVnrType, dtype: int64
Total Nulls: 8
data_processor:DEBUG 2021-12-21 08:50:01,308 -  MasVnrType seem to have a good correlation with SalePrice. MasVnrArea is highly correlated to MasVnrType and should be merged or dropped
data_processor:DEBUG 2021-12-21 08:50:01,308 -  Dropping feature MasVnrArea from dataframe
data_processor:DEBUG 2021-12-21 08:50:01,311 -  BsmtCond's values:
Value counts:
TA    1311
Gd      65
Fa      45
Po       2
Name: BsmtCond, dtype: int64
Total Nulls: 37
data_processor:DEBUG 2021-12-21 08:50:01,311 -  90% of the values fall under TA. The column should be dropped
data_processor:DEBUG 2021-12-21 08:50:01,311 -  Dropping feature BsmtCond from dataframe
data_processor:DEBUG 2021-12-21 08:50:01,313 -  BsmtFinType1's values:
Value counts:
Unf    430
GLQ    418
ALQ    220
BLQ    148
Rec    133
LwQ     74
Name: BsmtFinType1, dtype: int64
Total Nulls: 37
data_processor:DEBUG 2021-12-21 08:50:01,313 -  BsmtFinSF1 and BsmtFinType1 has high correlation
data_processor:DEBUG 2021-12-21 08:50:01,314 -  BsmtFinType2's values:
Value counts:
Unf    1256
Rec      54
LwQ      46
BLQ      33
ALQ      19
GLQ      14
Name: BsmtFinType2, dtype: int64
Total Nulls: 38
data_processor:DEBUG 2021-12-21 08:50:01,314 -  87% of the values are Unfinished. The column will be discarded, together with BsmtFinSF2
data_processor:DEBUG 2021-12-21 08:50:01,314 -  Dropping feature BsmtFinType2 from dataframe
data_processor:DEBUG 2021-12-21 08:50:01,316 -  Dropping feature BsmtFinSF2 from dataframe
data_processor:DEBUG 2021-12-21 08:50:01,318 -  Checking linear correlation between BsmtUnfSF and SalePrice:
Correlation: 0.21447910554696892
data_processor:DEBUG 2021-12-21 08:50:01,318 -  The column BsmtUnfSF has too low correlation with SalePrice. Will be dropped
data_processor:DEBUG 2021-12-21 08:50:01,318 -  Dropping feature BsmtUnfSF from dataframe
data_processor:DEBUG 2021-12-21 08:50:01,320 -  Heating's values:
Value counts:
GasA     1428
GasW       18
Grav        7
Wall        4
OthW        2
Floor       1
Name: Heating, dtype: int64
Total Nulls: 0
data_processor:DEBUG 2021-12-21 08:50:01,321 -  98% of the values fall under GasA. Column will be discarded
data_processor:DEBUG 2021-12-21 08:50:01,321 -  Dropping feature Heating from dataframe
data_processor:DEBUG 2021-12-21 08:50:01,323 -  CentralAir's values:
Value counts:
Y    1365
N      95
Name: CentralAir, dtype: int64
Total Nulls: 0
data_processor:DEBUG 2021-12-21 08:50:01,323 -  The correlation between SalePrice and CentralAir isn't enough to justify keeping the feature since it has 94% of the rows with one value.
data_processor:DEBUG 2021-12-21 08:50:01,323 -  Dropping feature CentralAir from dataframe
data_processor:DEBUG 2021-12-21 08:50:01,325 -  LowQualFinSF's values:
Value counts:
0      1434
80        3
360       2
205       1
479       1
397       1
514       1
120       1
481       1
232       1
53        1
515       1
156       1
473       1
420       1
390       1
371       1
392       1
144       1
572       1
528       1
234       1
513       1
384       1
Name: LowQualFinSF, dtype: int64
Total Nulls: 0
data_processor:DEBUG 2021-12-21 08:50:01,325 -  98% of the values of LowQualFinSF is 0. Therefore, the column will de dropped
data_processor:DEBUG 2021-12-21 08:50:01,325 -  Dropping feature LowQualFinSF from dataframe
data_processor:DEBUG 2021-12-21 08:50:01,328 -  BsmtFullBath's values:
Value counts:
0    856
1    588
2     15
3      1
Name: BsmtFullBath, dtype: int64
Total Nulls: 0
data_processor:DEBUG 2021-12-21 08:50:01,328 -  HalfBath's values:
Value counts:
0    913
1    535
2     12
Name: HalfBath, dtype: int64
Total Nulls: 0
data_processor:DEBUG 2021-12-21 08:50:01,329 -  Maybe BsmtFullBath, BsmtHalfBath, FullBath and HalfBath could become one single feature
data_processor:DEBUG 2021-12-21 08:50:01,329 -  Checking linear correlation between BedroomAbvGr and SalePrice:
Correlation: 0.1682131543007399
data_processor:DEBUG 2021-12-21 08:50:01,329 -  BedroomAbvGr column has low correlation with SalePrice. Will be dropped
data_processor:DEBUG 2021-12-21 08:50:01,329 -  Dropping feature BedroomAbvGr from dataframe
data_processor:DEBUG 2021-12-21 08:50:01,331 -  Checking linear correlation between KitchenAbvGr and SalePrice:
Correlation: -0.13590737084214105
data_processor:DEBUG 2021-12-21 08:50:01,331 -  KitchenAbvGr column has low correlation with SalePrice. Will be dropped
data_processor:DEBUG 2021-12-21 08:50:01,332 -  Dropping feature KitchenAbvGr from dataframe
data_processor:DEBUG 2021-12-21 08:50:01,334 -  Functional's values:
Value counts:
Typ     1360
Min2      34
Min1      31
Mod       15
Maj1      14
Maj2       5
Sev        1
Name: Functional, dtype: int64
Total Nulls: 0
data_processor:DEBUG 2021-12-21 08:50:01,335 -  93% of the values fall under Typ, so the column will de dropped . Also, rows 398, 406, 662, 666, 710 and 1013 should be considered outliers and dropped
data_processor:DEBUG 2021-12-21 08:50:01,335 -  Dropping feature Functional from dataframe
data_processor:DEBUG 2021-12-21 08:50:01,337 -  TotRmsAbvGrd's values:
Value counts:
6     402
7     329
5     275
8     187
4      97
9      75
10     47
11     18
3      17
12     11
2       1
14      1
Name: TotRmsAbvGrd, dtype: int64
Total Nulls: 0
data_processor:DEBUG 2021-12-21 08:50:01,338 -  Fireplaces's values:
Value counts:
0    690
1    650
2    115
3      5
Name: Fireplaces, dtype: int64
Total Nulls: 0
data_processor:DEBUG 2021-12-21 08:50:01,338 -  FireplaceQu's values:
Value counts:
Gd    380
TA    313
Fa     33
Ex     24
Po     20
Name: FireplaceQu, dtype: int64
Total Nulls: 690
data_processor:DEBUG 2021-12-21 08:50:01,338 -  Both columns maybe should become a single feature
data_processor:DEBUG 2021-12-21 08:50:01,339 -  GarageType's values:
Value counts:
Attchd     870
Detchd     387
BuiltIn     88
Basment     19
CarPort      9
2Types       6
Name: GarageType, dtype: int64
Total Nulls: 81
data_processor:DEBUG 2021-12-21 08:50:01,340 -  Checking linear correlation between GarageCars and GarageArea:
Correlation: 0.8824754142814628
data_processor:DEBUG 2021-12-21 08:50:01,340 -  98% of the values of LowQualFinSF is 0. Therefore, the column will de dropped
data_processor:DEBUG 2021-12-21 08:50:01,341 -  PavedDrive's values:
Value counts:
Y    1340
N      90
P      30
Name: PavedDrive, dtype: int64
Total Nulls: 0
data_processor:DEBUG 2021-12-21 08:50:01,341 -  92% of the values fall under Y, so the column should be dropped
data_processor:DEBUG 2021-12-21 08:50:01,341 -  Dropping feature PavedDrive from dataframe
data_processor:DEBUG 2021-12-21 08:50:01,343 -  Checking linear correlation between WoodDeckSF and OpenPorchSF:
Correlation: 0.0586606085658873
data_processor:DEBUG 2021-12-21 08:50:01,343 -  Checking linear correlation between WoodDeckSF and SalePrice:
Correlation: 0.3244134445681295
data_processor:DEBUG 2021-12-21 08:50:01,343 -  Checking linear correlation between OpenPorchSF and SalePrice:
Correlation: 0.3158562271160553
data_processor:DEBUG 2021-12-21 08:50:01,343 -  Correlation between both features isn't enough to build a new feature. Correlation between the 2 features and SalePrice isn't strong enough to keep them
data_processor:DEBUG 2021-12-21 08:50:01,343 -  Dropping feature WoodDeckSF from dataframe
data_processor:DEBUG 2021-12-21 08:50:01,345 -  Dropping feature OpenPorchSF from dataframe
data_processor:DEBUG 2021-12-21 08:50:01,348 -  EnclosedPorch's values:
Value counts:
0      1252
112      15
96        6
192       5
144       5
120       5
216       5
156       4
116       4
252       4
184       3
126       3
150       3
164       3
128       3
102       3
176       3
228       3
40        3
80        2
236       2
34        2
160       2
32        2
84        2
115       2
158       2
137       2
240       2
100       2
154       2
185       2
264       2
190       2
168       2
108       2
36        2
202       2
234       2
77        2
244       2
180       2
224       2
205       2
39        2
114       2
268       1
19        1
174       1
226       1
138       1
94        1
318       1
48        1
220       1
194       1
68        1
254       1
230       1
275       1
172       1
170       1
87        1
214       1
162       1
50        1
212       1
221       1
198       1
301       1
20        1
286       1
123       1
280       1
42        1
81        1
259       1
145       1
208       1
330       1
134       1
196       1
143       1
37        1
210       1
291       1
552       1
30        1
60        1
248       1
52        1
105       1
169       1
130       1
91        1
242       1
218       1
177       1
294       1
24        1
183       1
272       1
64        1
200       1
386       1
70        1
98        1
129       1
56        1
90        1
67        1
239       1
293       1
189       1
44        1
54        1
136       1
148       1
140       1
99        1
Name: EnclosedPorch, dtype: int64
Total Nulls: 0
data_processor:DEBUG 2021-12-21 08:50:01,348 -  3SsnPorch's values:
Value counts:
0      1436
168       3
144       2
180       2
216       2
290       1
153       1
96        1
23        1
162       1
182       1
196       1
320       1
245       1
238       1
508       1
140       1
130       1
407       1
304       1
Name: 3SsnPorch, dtype: int64
Total Nulls: 0
data_processor:DEBUG 2021-12-21 08:50:01,349 -  ScreenPorch's values:
Value counts:
0      1344
192       6
120       5
224       5
189       4
180       4
147       3
90        3
160       3
144       3
126       3
168       3
198       2
259       2
288       2
184       2
176       2
200       2
142       2
100       2
170       2
216       2
175       1
152       1
63        1
312       1
222       1
265       1
322       1
190       1
233       1
410       1
273       1
53        1
143       1
204       1
263       1
80        1
163       1
116       1
480       1
178       1
440       1
155       1
220       1
119       1
165       1
225       1
287       1
197       1
140       1
266       1
154       1
153       1
130       1
128       1
271       1
234       1
374       1
185       1
182       1
396       1
276       1
210       1
99        1
161       1
145       1
122       1
95        1
252       1
60        1
291       1
260       1
385       1
156       1
40        1
Name: ScreenPorch, dtype: int64
Total Nulls: 0
data_processor:DEBUG 2021-12-21 08:50:01,349 -  All the 3 features have too high number of zeroes and will be discarded
data_processor:DEBUG 2021-12-21 08:50:01,349 -  Dropping feature EnclosedPorch from dataframe
data_processor:DEBUG 2021-12-21 08:50:01,351 -  Dropping feature 3SsnPorch from dataframe
data_processor:DEBUG 2021-12-21 08:50:01,352 -  Dropping feature ScreenPorch from dataframe
data_processor:DEBUG 2021-12-21 08:50:01,354 -  PoolQC's values:
Value counts:
Gd    3
Ex    2
Fa    2
Name: PoolQC, dtype: int64
Total Nulls: 1453
data_processor:DEBUG 2021-12-21 08:50:01,354 -  99.5% of the values are empty. The column will be dropped, together with their dependent column PoolArea
data_processor:DEBUG 2021-12-21 08:50:01,354 -  Dropping feature PoolQC from dataframe
data_processor:DEBUG 2021-12-21 08:50:01,356 -  Dropping feature PoolArea from dataframe
data_processor:DEBUG 2021-12-21 08:50:01,358 -  MiscFeature's values:
Value counts:
Shed    49
Gar2     2
Othr     2
TenC     1
Name: MiscFeature, dtype: int64
Total Nulls: 1406
data_processor:DEBUG 2021-12-21 08:50:01,358 -  96% of the values are NaN. The column will be dropped, together with their dependent column MiscVal
data_processor:DEBUG 2021-12-21 08:50:01,358 -  Dropping feature MiscFeature from dataframe
data_processor:DEBUG 2021-12-21 08:50:01,359 -  Dropping feature MiscVal from dataframe
data_processor:DEBUG 2021-12-21 08:50:01,361 -  Checking linear correlation between MoSold and SalePrice:
Correlation: 0.046432245223819356
data_processor:DEBUG 2021-12-21 08:50:01,361 -  Checking linear correlation between YrSold and SalePrice:
Correlation: -0.028922585168730322
data_processor:DEBUG 2021-12-21 08:50:01,362 -  Neither MoSold nor YrSold has any correlation with SalePrice, so both will be dropped
data_processor:DEBUG 2021-12-21 08:50:01,362 -  Dropping feature MoSold from dataframe
data_processor:DEBUG 2021-12-21 08:50:01,363 -  Dropping feature YrSold from dataframe
data_processor:DEBUG 2021-12-21 08:50:01,365 -  SaleType's values:
Value counts:
WD       1267
New       122
COD        43
ConLD       9
ConLI       5
ConLw       5
CWD         4
Oth         3
Con         2
Name: SaleType, dtype: int64
Total Nulls: 0
data_processor:DEBUG 2021-12-21 08:50:01,365 -  Too many categories. Maybe a new category could be created
data_processor:DEBUG 2021-12-21 08:50:01,366 -  SaleCondition's values:
Value counts:
Normal     1198
Partial     125
Abnorml     101
Family       20
Alloca       12
AdjLand       4
Name: SaleCondition, dtype: int64
Total Nulls: 0
data_processor:DEBUG 2021-12-21 08:50:01,366 -  Too many categories. Maybe a new category could be created
data_processor:DEBUG 2021-12-21 08:50:01,366 -  Dropping other numerical features due to low correlation with target feature
data_processor:DEBUG 2021-12-21 08:50:01,366 -  Dropping feature ['LotFrontage', 'LotArea', 'OverallCond', 'BsmtFinSF1', '2ndFlrSF', 'BsmtFullBath', 'BsmtHalfBath', 'HalfBath', 'Fireplaces', 'GarageCars'] from dataframe
data_processor:DEBUG 2021-12-21 08:50:01,370 -  Checking linear correlation between LotShape and SalePrice:
Correlation: -0.26775931391782315
data_processor:DEBUG 2021-12-21 08:50:01,372 -  Checking linear correlation between LotConfig and SalePrice:
Correlation: 0.09231596731484668
data_processor:DEBUG 2021-12-21 08:50:01,374 -  Checking linear correlation between ExterQual and SalePrice:
Correlation: 0.6826392416562598
data_processor:DEBUG 2021-12-21 08:50:01,375 -  Checking linear correlation between ExterCond and SalePrice:
Correlation: 0.018899118482413
data_processor:DEBUG 2021-12-21 08:50:01,378 -  Checking linear correlation between BsmtQual and SalePrice:
Correlation: 0.6440193059937254
data_processor:DEBUG 2021-12-21 08:50:01,380 -  Checking linear correlation between BsmtExposure and SalePrice:
Correlation: 0.35295845367894785
data_processor:DEBUG 2021-12-21 08:50:01,382 -  Checking linear correlation between BsmtFinType1 and SalePrice:
Correlation: 0.27743604421548573
data_processor:DEBUG 2021-12-21 08:50:01,384 -  Checking linear correlation between HeatingQC and SalePrice:
Correlation: 0.42764870739880356
data_processor:DEBUG 2021-12-21 08:50:01,386 -  Checking linear correlation between KitchenQual and SalePrice:
Correlation: 0.6595997207286634
data_processor:DEBUG 2021-12-21 08:50:01,388 -  Checking linear correlation between FireplaceQu and SalePrice:
Correlation: 0.2957940510068275
data_processor:DEBUG 2021-12-21 08:50:01,390 -  Checking linear correlation between GarageFinish and SalePrice:
Correlation: 0.513105312087874
data_processor:DEBUG 2021-12-21 08:50:01,392 -  Checking linear correlation between GarageQual and SalePrice:
Correlation: 0.15669253137546363
data_processor:DEBUG 2021-12-21 08:50:01,394 -  Checking linear correlation between GarageCond and SalePrice:
Correlation: 0.12501278170280722
data_processor:DEBUG 2021-12-21 08:50:01,394 -  Based on their correlation with SalePrice, some columns will be dropped
data_processor:DEBUG 2021-12-21 08:50:01,394 -  Dropping feature ['LotShape', 'LotConfig', 'ExterCond', 'BsmtExposure', 'BsmtFinType1', 'HeatingQC', 'GarageQual', 'GarageCond'] from dataframe
data_processor:DEBUG 2021-12-21 08:50:01,396 -  Removing outliers based on GrLivArea
data_processor:DEBUG 2021-12-21 08:50:01,399 -  Dropping other columns based on empirical evidence
data_processor:DEBUG 2021-12-21 08:50:01,399 -  Dropping feature ['BldgType', 'RoofStyle', 'Exterior2nd', 'Electrical', 'FireplaceQu', 'GarageType', 'GarageYrBlt', 'GarageFinish', 'Fence', 'SaleType', 'SaleCondition', 'Id'] from dataframe
data_processor:DEBUG 2021-12-21 08:50:01,400 -  Filling all nulls with the adequate value
data_processor:DEBUG 2021-12-21 08:50:01,404 -  Checking if all null values were filled:
MSSubClass      0
Foundation      0
TotRmsAbvGrd    0
KitchenQual     0
FullBath        0
GrLivArea       0
1stFlrSF        0
TotalBsmtSF     0
BsmtQual        0
ExterQual       0
MSZoning        0
MasVnrType      0
Exterior1st     0
YearBuilt       0
OverallQual     0
HouseStyle      0
Condition1      0
Neighborhood    0
GarageArea      0
dtype: int64
data_processor:DEBUG 2021-12-21 08:50:01,405 -  Encoding object features
data_processor:DEBUG 2021-12-21 08:50:01,415 -  Current combine.head()
   MSSubClass  MSZoning  Neighborhood  Condition1  HouseStyle  OverallQual  YearBuilt  Exterior1st  MasVnrType  ExterQual  Foundation  BsmtQual  TotalBsmtSF  1stFlrSF  GrLivArea  FullBath  KitchenQual  TotRmsAbvGrd  GarageArea
0          60         3             5           2           5            7       2003           13           1          2           2         2       856.00       856       1710         2            2             8      548.00
1          20         3            24           1           2            6       1976            8           2          3           1         2     1,262.00      1262       1262         2            3             6      460.00
2          60         3             5           2           5            7       2001           13           1          2           2         2       920.00       920       1786         2            2             6      608.00
3          70         3             6           2           5            7       1915           14           2          3           0         4       756.00       961       1717         1            2             7      642.00
4          60         3            15           2           5            8       2000           13           1          2           2         2     1,145.00      1145       2198         2            2             9      836.00
data_processor:DEBUG 2021-12-21 08:50:01,422 -  Current combine.info()
<class 'pandas.core.frame.DataFrame'>
Int64Index: 2915 entries, 0 to 1458
Data columns (total 19 columns):
 #   Column        Non-Null Count  Dtype  
---  ------        --------------  -----  
 0   MSSubClass    2915 non-null   int64  
 1   MSZoning      2915 non-null   int32  
 2   Neighborhood  2915 non-null   int32  
 3   Condition1    2915 non-null   int32  
 4   HouseStyle    2915 non-null   int32  
 5   OverallQual   2915 non-null   int64  
 6   YearBuilt     2915 non-null   int64  
 7   Exterior1st   2915 non-null   int32  
 8   MasVnrType    2915 non-null   int32  
 9   ExterQual     2915 non-null   int32  
 10  Foundation    2915 non-null   int32  
 11  BsmtQual      2915 non-null   int32  
 12  TotalBsmtSF   2915 non-null   float64
 13  1stFlrSF      2915 non-null   int64  
 14  GrLivArea     2915 non-null   int64  
 15  FullBath      2915 non-null   int64  
 16  KitchenQual   2915 non-null   int32  
 17  TotRmsAbvGrd  2915 non-null   int64  
 18  GarageArea    2915 non-null   float64
dtypes: float64(2), int32(10), int64(7)
memory usage: 341.6 KB

data_processor:DEBUG 2021-12-21 08:50:01,448 -  Current combine.describe()
       MSSubClass  MSZoning  Neighborhood  Condition1  HouseStyle  OverallQual  YearBuilt  Exterior1st  MasVnrType  ExterQual  Foundation  BsmtQual  TotalBsmtSF  1stFlrSF  GrLivArea  FullBath  KitchenQual  TotRmsAbvGrd  GarageArea
count    2,915.00  2,915.00      2,915.00    2,915.00    2,915.00     2,915.00   2,915.00     2,915.00    2,915.00   2,915.00    2,915.00  2,915.00     2,915.00  2,915.00   2,915.00  2,915.00     2,915.00      2,915.00    2,915.00
mean        57.10      3.03         12.44        2.04        3.02         6.09   1,971.30        10.23        1.77       2.53        1.39      2.70     1,049.20  1,157.96   1,498.17      1.57         2.35          6.45      472.23
std         42.50      0.66          5.96        0.87        1.91         1.41      30.27         3.63        0.60       0.70        0.73      1.29       429.53    385.26     497.07      0.55         0.83          1.56      214.83
min         20.00      0.00          0.00        0.00        0.00         1.00   1,872.00         0.00        0.00       0.00        0.00      0.00         0.00    334.00     334.00      0.00         0.00          2.00        0.00
25%         20.00      3.00          7.00        2.00        2.00         5.00   1,953.50         8.00        1.00       2.00        1.00      2.00       793.00    876.50   1,125.50      1.00         2.00          5.00      320.00
50%         50.00      3.00         12.00        2.00        2.00         6.00   1,973.00        13.00        2.00       3.00        1.00      2.00       989.00  1,082.00   1,442.00      2.00         3.00          6.00      480.00
75%         70.00      3.00         17.00        2.00        5.00         7.00   2,001.00        13.00        2.00       3.00        2.00      4.00     1,302.00  1,385.50   1,743.00      2.00         3.00          7.00      576.00
max        190.00      4.00         24.00        8.00        7.00        10.00   2,010.00        15.00        3.00       3.00        5.00      4.00     5,095.00  5,095.00   5,095.00      4.00         3.00         15.00    1,488.00
data_processor:DEBUG 2021-12-21 08:50:01,448 -  Creating X and y dataframes
data_processor:DEBUG 2021-12-21 08:50:01,452 -  Creating train.csv
data_processor:DEBUG 2021-12-21 08:50:01,463 -  Creating test.csv
