exploratory_data_analyser:DEBUG 2021-12-21 10:49:48,141 -  Starting Class
exploratory_data_analyser:DEBUG 2021-12-21 10:49:48,157 -  Current combine.head()
   Id  MSSubClass MSZoning  LotFrontage  LotArea Street Alley LotShape LandContour Utilities LotConfig LandSlope Neighborhood Condition1 Condition2 BldgType HouseStyle  OverallQual  OverallCond  YearBuilt  YearRemodAdd RoofStyle RoofMatl Exterior1st Exterior2nd MasVnrType  MasVnrArea ExterQual ExterCond Foundation BsmtQual BsmtCond BsmtExposure BsmtFinType1  BsmtFinSF1 BsmtFinType2  BsmtFinSF2  BsmtUnfSF  TotalBsmtSF Heating HeatingQC CentralAir Electrical  1stFlrSF  2ndFlrSF  LowQualFinSF  GrLivArea  BsmtFullBath  BsmtHalfBath  FullBath  HalfBath  BedroomAbvGr  KitchenAbvGr KitchenQual  TotRmsAbvGrd Functional  Fireplaces FireplaceQu GarageType  GarageYrBlt GarageFinish  GarageCars  GarageArea GarageQual GarageCond PavedDrive  WoodDeckSF  OpenPorchSF  EnclosedPorch  3SsnPorch  ScreenPorch  PoolArea PoolQC Fence MiscFeature  MiscVal  MoSold  YrSold SaleType SaleCondition  SalePrice
0   1          60       RL        65.00     8450   Pave   NaN      Reg         Lvl    AllPub    Inside       Gtl      CollgCr       Norm       Norm     1Fam     2Story            7            5       2003          2003     Gable  CompShg     VinylSd     VinylSd    BrkFace      196.00        Gd        TA      PConc       Gd       TA           No          GLQ         706          Unf           0        150          856    GasA        Ex          Y      SBrkr       856       854             0       1710             1             0         2         1             3             1          Gd             8        Typ           0         NaN     Attchd     2,003.00          RFn           2         548         TA         TA          Y           0           61              0          0            0         0    NaN   NaN         NaN        0       2    2008       WD        Normal     208500
1   2          20       RL        80.00     9600   Pave   NaN      Reg         Lvl    AllPub       FR2       Gtl      Veenker      Feedr       Norm     1Fam     1Story            6            8       1976          1976     Gable  CompShg     MetalSd     MetalSd       None        0.00        TA        TA     CBlock       Gd       TA           Gd          ALQ         978          Unf           0        284         1262    GasA        Ex          Y      SBrkr      1262         0             0       1262             0             1         2         0             3             1          TA             6        Typ           1          TA     Attchd     1,976.00          RFn           2         460         TA         TA          Y         298            0              0          0            0         0    NaN   NaN         NaN        0       5    2007       WD        Normal     181500
2   3          60       RL        68.00    11250   Pave   NaN      IR1         Lvl    AllPub    Inside       Gtl      CollgCr       Norm       Norm     1Fam     2Story            7            5       2001          2002     Gable  CompShg     VinylSd     VinylSd    BrkFace      162.00        Gd        TA      PConc       Gd       TA           Mn          GLQ         486          Unf           0        434          920    GasA        Ex          Y      SBrkr       920       866             0       1786             1             0         2         1             3             1          Gd             6        Typ           1          TA     Attchd     2,001.00          RFn           2         608         TA         TA          Y           0           42              0          0            0         0    NaN   NaN         NaN        0       9    2008       WD        Normal     223500
3   4          70       RL        60.00     9550   Pave   NaN      IR1         Lvl    AllPub    Corner       Gtl      Crawfor       Norm       Norm     1Fam     2Story            7            5       1915          1970     Gable  CompShg     Wd Sdng     Wd Shng       None        0.00        TA        TA     BrkTil       TA       Gd           No          ALQ         216          Unf           0        540          756    GasA        Gd          Y      SBrkr       961       756             0       1717             1             0         1         0             3             1          Gd             7        Typ           1          Gd     Detchd     1,998.00          Unf           3         642         TA         TA          Y           0           35            272          0            0         0    NaN   NaN         NaN        0       2    2006       WD       Abnorml     140000
4   5          60       RL        84.00    14260   Pave   NaN      IR1         Lvl    AllPub       FR2       Gtl      NoRidge       Norm       Norm     1Fam     2Story            8            5       2000          2000     Gable  CompShg     VinylSd     VinylSd    BrkFace      350.00        Gd        TA      PConc       Gd       TA           Av          GLQ         655          Unf           0        490         1145    GasA        Ex          Y      SBrkr      1145      1053             0       2198             1             0         2         1             4             1          Gd             9        Typ           1          TA     Attchd     2,000.00          RFn           3         836         TA         TA          Y         192           84              0          0            0         0    NaN   NaN         NaN        0      12    2008       WD        Normal     250000
exploratory_data_analyser:DEBUG 2021-12-21 10:49:48,168 -  Current combine.info()
<class 'pandas.core.frame.DataFrame'>
RangeIndex: 1460 entries, 0 to 1459
Data columns (total 81 columns):
 #   Column         Non-Null Count  Dtype  
---  ------         --------------  -----  
 0   Id             1460 non-null   int64  
 1   MSSubClass     1460 non-null   int64  
 2   MSZoning       1460 non-null   object 
 3   LotFrontage    1201 non-null   float64
 4   LotArea        1460 non-null   int64  
 5   Street         1460 non-null   object 
 6   Alley          91 non-null     object 
 7   LotShape       1460 non-null   object 
 8   LandContour    1460 non-null   object 
 9   Utilities      1460 non-null   object 
 10  LotConfig      1460 non-null   object 
 11  LandSlope      1460 non-null   object 
 12  Neighborhood   1460 non-null   object 
 13  Condition1     1460 non-null   object 
 14  Condition2     1460 non-null   object 
 15  BldgType       1460 non-null   object 
 16  HouseStyle     1460 non-null   object 
 17  OverallQual    1460 non-null   int64  
 18  OverallCond    1460 non-null   int64  
 19  YearBuilt      1460 non-null   int64  
 20  YearRemodAdd   1460 non-null   int64  
 21  RoofStyle      1460 non-null   object 
 22  RoofMatl       1460 non-null   object 
 23  Exterior1st    1460 non-null   object 
 24  Exterior2nd    1460 non-null   object 
 25  MasVnrType     1452 non-null   object 
 26  MasVnrArea     1452 non-null   float64
 27  ExterQual      1460 non-null   object 
 28  ExterCond      1460 non-null   object 
 29  Foundation     1460 non-null   object 
 30  BsmtQual       1423 non-null   object 
 31  BsmtCond       1423 non-null   object 
 32  BsmtExposure   1422 non-null   object 
 33  BsmtFinType1   1423 non-null   object 
 34  BsmtFinSF1     1460 non-null   int64  
 35  BsmtFinType2   1422 non-null   object 
 36  BsmtFinSF2     1460 non-null   int64  
 37  BsmtUnfSF      1460 non-null   int64  
 38  TotalBsmtSF    1460 non-null   int64  
 39  Heating        1460 non-null   object 
 40  HeatingQC      1460 non-null   object 
 41  CentralAir     1460 non-null   object 
 42  Electrical     1459 non-null   object 
 43  1stFlrSF       1460 non-null   int64  
 44  2ndFlrSF       1460 non-null   int64  
 45  LowQualFinSF   1460 non-null   int64  
 46  GrLivArea      1460 non-null   int64  
 47  BsmtFullBath   1460 non-null   int64  
 48  BsmtHalfBath   1460 non-null   int64  
 49  FullBath       1460 non-null   int64  
 50  HalfBath       1460 non-null   int64  
 51  BedroomAbvGr   1460 non-null   int64  
 52  KitchenAbvGr   1460 non-null   int64  
 53  KitchenQual    1460 non-null   object 
 54  TotRmsAbvGrd   1460 non-null   int64  
 55  Functional     1460 non-null   object 
 56  Fireplaces     1460 non-null   int64  
 57  FireplaceQu    770 non-null    object 
 58  GarageType     1379 non-null   object 
 59  GarageYrBlt    1379 non-null   float64
 60  GarageFinish   1379 non-null   object 
 61  GarageCars     1460 non-null   int64  
 62  GarageArea     1460 non-null   int64  
 63  GarageQual     1379 non-null   object 
 64  GarageCond     1379 non-null   object 
 65  PavedDrive     1460 non-null   object 
 66  WoodDeckSF     1460 non-null   int64  
 67  OpenPorchSF    1460 non-null   int64  
 68  EnclosedPorch  1460 non-null   int64  
 69  3SsnPorch      1460 non-null   int64  
 70  ScreenPorch    1460 non-null   int64  
 71  PoolArea       1460 non-null   int64  
 72  PoolQC         7 non-null      object 
 73  Fence          281 non-null    object 
 74  MiscFeature    54 non-null     object 
 75  MiscVal        1460 non-null   int64  
 76  MoSold         1460 non-null   int64  
 77  YrSold         1460 non-null   int64  
 78  SaleType       1460 non-null   object 
 79  SaleCondition  1460 non-null   object 
 80  SalePrice      1460 non-null   int64  
dtypes: float64(3), int64(35), object(43)
memory usage: 924.0+ KB

exploratory_data_analyser:DEBUG 2021-12-21 10:49:48,272 -  Current combine.describe()
             Id  MSSubClass MSZoning  LotFrontage    LotArea Street Alley LotShape LandContour Utilities LotConfig LandSlope Neighborhood Condition1 Condition2 BldgType HouseStyle  OverallQual  OverallCond  YearBuilt  YearRemodAdd RoofStyle RoofMatl Exterior1st Exterior2nd MasVnrType  MasVnrArea ExterQual ExterCond Foundation BsmtQual BsmtCond BsmtExposure BsmtFinType1  BsmtFinSF1 BsmtFinType2  BsmtFinSF2  BsmtUnfSF  TotalBsmtSF Heating HeatingQC CentralAir Electrical  1stFlrSF  2ndFlrSF  LowQualFinSF  GrLivArea  BsmtFullBath  BsmtHalfBath  FullBath  HalfBath  BedroomAbvGr  KitchenAbvGr KitchenQual  TotRmsAbvGrd Functional  Fireplaces FireplaceQu GarageType  GarageYrBlt GarageFinish  GarageCars  GarageArea GarageQual GarageCond PavedDrive  WoodDeckSF  OpenPorchSF  EnclosedPorch  3SsnPorch  ScreenPorch  PoolArea PoolQC  Fence MiscFeature   MiscVal   MoSold   YrSold SaleType SaleCondition  SalePrice
count  1,460.00    1,460.00     1460     1,201.00   1,460.00   1460    91     1460        1460      1460      1460      1460         1460       1460       1460     1460       1460     1,460.00     1,460.00   1,460.00      1,460.00      1460     1460        1460        1460       1452    1,452.00      1460      1460       1460     1423     1423         1422         1423    1,460.00         1422    1,460.00   1,460.00     1,460.00    1460      1460       1460       1459  1,460.00  1,460.00      1,460.00   1,460.00      1,460.00      1,460.00  1,460.00  1,460.00      1,460.00      1,460.00        1460      1,460.00       1460    1,460.00         770       1379     1,379.00         1379    1,460.00    1,460.00       1379       1379       1460    1,460.00     1,460.00       1,460.00   1,460.00     1,460.00  1,460.00      7    281          54  1,460.00 1,460.00 1,460.00     1460          1460   1,460.00
unique      NaN         NaN        5          NaN        NaN      2     2        4           4         2         5         3           25          9          8        5          8          NaN          NaN        NaN           NaN         6        8          15          16          4         NaN         4         5          6        4        4            4            6         NaN            6         NaN        NaN          NaN       6         5          2          5       NaN       NaN           NaN        NaN           NaN           NaN       NaN       NaN           NaN           NaN           4           NaN          7         NaN           5          6          NaN            3         NaN         NaN          5          5          3         NaN          NaN            NaN        NaN          NaN       NaN      3      4           4       NaN      NaN      NaN        9             6        NaN
top         NaN         NaN       RL          NaN        NaN   Pave  Grvl      Reg         Lvl    AllPub    Inside       Gtl        NAmes       Norm       Norm     1Fam     1Story          NaN          NaN        NaN           NaN     Gable  CompShg     VinylSd     VinylSd       None         NaN        TA        TA      PConc       TA       TA           No          Unf         NaN          Unf         NaN        NaN          NaN    GasA        Ex          Y      SBrkr       NaN       NaN           NaN        NaN           NaN           NaN       NaN       NaN           NaN           NaN          TA           NaN        Typ         NaN          Gd     Attchd          NaN          Unf         NaN         NaN         TA         TA          Y         NaN          NaN            NaN        NaN          NaN       NaN     Gd  MnPrv        Shed       NaN      NaN      NaN       WD        Normal        NaN
freq        NaN         NaN     1151          NaN        NaN   1454    50      925        1311      1459      1052      1382          225       1260       1445     1220        726          NaN          NaN        NaN           NaN      1141     1434         515         504        864         NaN       906      1282        647      649     1311          953          430         NaN         1256         NaN        NaN          NaN    1428       741       1365       1334       NaN       NaN           NaN        NaN           NaN           NaN       NaN       NaN           NaN           NaN         735           NaN       1360         NaN         380        870          NaN          605         NaN         NaN       1311       1326       1340         NaN          NaN            NaN        NaN          NaN       NaN      3    157          49       NaN      NaN      NaN     1267          1198        NaN
mean     730.50       56.90      NaN        70.05  10,516.83    NaN   NaN      NaN         NaN       NaN       NaN       NaN          NaN        NaN        NaN      NaN        NaN         6.10         5.58   1,971.27      1,984.87       NaN      NaN         NaN         NaN        NaN      103.69       NaN       NaN        NaN      NaN      NaN          NaN          NaN      443.64          NaN       46.55     567.24     1,057.43     NaN       NaN        NaN        NaN  1,162.63    346.99          5.84   1,515.46          0.43          0.06      1.57      0.38          2.87          1.05         NaN          6.52        NaN        0.61         NaN        NaN     1,978.51          NaN        1.77      472.98        NaN        NaN        NaN       94.24        46.66          21.95       3.41        15.06      2.76    NaN    NaN         NaN     43.49     6.32 2,007.82      NaN           NaN 180,921.20
std      421.61       42.30      NaN        24.28   9,981.26    NaN   NaN      NaN         NaN       NaN       NaN       NaN          NaN        NaN        NaN      NaN        NaN         1.38         1.11      30.20         20.65       NaN      NaN         NaN         NaN        NaN      181.07       NaN       NaN        NaN      NaN      NaN          NaN          NaN      456.10          NaN      161.32     441.87       438.71     NaN       NaN        NaN        NaN    386.59    436.53         48.62     525.48          0.52          0.24      0.55      0.50          0.82          0.22         NaN          1.63        NaN        0.64         NaN        NaN        24.69          NaN        0.75      213.80        NaN        NaN        NaN      125.34        66.26          61.12      29.32        55.76     40.18    NaN    NaN         NaN    496.12     2.70     1.33      NaN           NaN  79,442.50
min        1.00       20.00      NaN        21.00   1,300.00    NaN   NaN      NaN         NaN       NaN       NaN       NaN          NaN        NaN        NaN      NaN        NaN         1.00         1.00   1,872.00      1,950.00       NaN      NaN         NaN         NaN        NaN        0.00       NaN       NaN        NaN      NaN      NaN          NaN          NaN        0.00          NaN        0.00       0.00         0.00     NaN       NaN        NaN        NaN    334.00      0.00          0.00     334.00          0.00          0.00      0.00      0.00          0.00          0.00         NaN          2.00        NaN        0.00         NaN        NaN     1,900.00          NaN        0.00        0.00        NaN        NaN        NaN        0.00         0.00           0.00       0.00         0.00      0.00    NaN    NaN         NaN      0.00     1.00 2,006.00      NaN           NaN  34,900.00
25%      365.75       20.00      NaN        59.00   7,553.50    NaN   NaN      NaN         NaN       NaN       NaN       NaN          NaN        NaN        NaN      NaN        NaN         5.00         5.00   1,954.00      1,967.00       NaN      NaN         NaN         NaN        NaN        0.00       NaN       NaN        NaN      NaN      NaN          NaN          NaN        0.00          NaN        0.00     223.00       795.75     NaN       NaN        NaN        NaN    882.00      0.00          0.00   1,129.50          0.00          0.00      1.00      0.00          2.00          1.00         NaN          5.00        NaN        0.00         NaN        NaN     1,961.00          NaN        1.00      334.50        NaN        NaN        NaN        0.00         0.00           0.00       0.00         0.00      0.00    NaN    NaN         NaN      0.00     5.00 2,007.00      NaN           NaN 129,975.00
50%      730.50       50.00      NaN        69.00   9,478.50    NaN   NaN      NaN         NaN       NaN       NaN       NaN          NaN        NaN        NaN      NaN        NaN         6.00         5.00   1,973.00      1,994.00       NaN      NaN         NaN         NaN        NaN        0.00       NaN       NaN        NaN      NaN      NaN          NaN          NaN      383.50          NaN        0.00     477.50       991.50     NaN       NaN        NaN        NaN  1,087.00      0.00          0.00   1,464.00          0.00          0.00      2.00      0.00          3.00          1.00         NaN          6.00        NaN        1.00         NaN        NaN     1,980.00          NaN        2.00      480.00        NaN        NaN        NaN        0.00        25.00           0.00       0.00         0.00      0.00    NaN    NaN         NaN      0.00     6.00 2,008.00      NaN           NaN 163,000.00
75%    1,095.25       70.00      NaN        80.00  11,601.50    NaN   NaN      NaN         NaN       NaN       NaN       NaN          NaN        NaN        NaN      NaN        NaN         7.00         6.00   2,000.00      2,004.00       NaN      NaN         NaN         NaN        NaN      166.00       NaN       NaN        NaN      NaN      NaN          NaN          NaN      712.25          NaN        0.00     808.00     1,298.25     NaN       NaN        NaN        NaN  1,391.25    728.00          0.00   1,776.75          1.00          0.00      2.00      1.00          3.00          1.00         NaN          7.00        NaN        1.00         NaN        NaN     2,002.00          NaN        2.00      576.00        NaN        NaN        NaN      168.00        68.00           0.00       0.00         0.00      0.00    NaN    NaN         NaN      0.00     8.00 2,009.00      NaN           NaN 214,000.00
max    1,460.00      190.00      NaN       313.00 215,245.00    NaN   NaN      NaN         NaN       NaN       NaN       NaN          NaN        NaN        NaN      NaN        NaN        10.00         9.00   2,010.00      2,010.00       NaN      NaN         NaN         NaN        NaN    1,600.00       NaN       NaN        NaN      NaN      NaN          NaN          NaN    5,644.00          NaN    1,474.00   2,336.00     6,110.00     NaN       NaN        NaN        NaN  4,692.00  2,065.00        572.00   5,642.00          3.00          2.00      3.00      2.00          8.00          3.00         NaN         14.00        NaN        3.00         NaN        NaN     2,010.00          NaN        4.00    1,418.00        NaN        NaN        NaN      857.00       547.00         552.00     508.00       480.00    738.00    NaN    NaN         NaN 15,500.00    12.00 2,010.00      NaN           NaN 755,000.00
exploratory_data_analyser:DEBUG 2021-12-21 10:49:48,272 -  Generating sales_dist_plot.png
exploratory_data_analyser:DEBUG 2021-12-21 10:49:48,470 -  Generating lot_regplot.png
exploratory_data_analyser:DEBUG 2021-12-21 10:49:48,778 -  Generating year_qual_pairplot.png
exploratory_data_analyser:DEBUG 2021-12-21 10:49:49,612 -  Generating vnrtype_boxplot.png
exploratory_data_analyser:DEBUG 2021-12-21 10:49:49,724 -  Generating centralair_swarmplot.png
exploratory_data_analyser:DEBUG 2021-12-21 10:49:54,241 -  Generating garage_regplot.png
exploratory_data_analyser:DEBUG 2021-12-21 10:49:54,563 -  Generating grlivarea_outlier_scatterplot.png
